make all --print-data-base --no-builtin-variables --no-builtin-rules --question
# GNU Make 3.81
# Copyright (C) 2006  Free Software Foundation, Inc.
# This is free software; see the source for copying conditions.
# There is NO warranty; not even for MERCHANTABILITY or FITNESS FOR A
# PARTICULAR PURPOSE.

# This program built for i386-apple-darwin11.3.0

# Make data base, printed on Sun Jun 26 17:12:18 2022

# Variables

# automatic
<D = $(patsubst %/,%,$(dir $<))
# environment
RUBY_VERSION = ruby-3.0.0
# automatic
?F = $(notdir $?)
# makefile (from `Makefile', line 4)
OBJ = ${C_SOURCES:.c=.o}
# environment
VSCODE_LOG_NATIVE = false
# automatic
?D = $(patsubst %/,%,$(dir $?))
# environment
rvm_path = /Users/ray/.rvm
# automatic
@D = $(patsubst %/,%,$(dir $@))
# automatic
@F = $(notdir $@)
# makefile
CURDIR := /Users/ray/OS
# makefile
SHELL = /bin/sh
# environment
VSCODE_NLS_CONFIG = {"locale":"en-gb","availableLanguages":{},"_languagePackSupport":true}
# environment
_ = /usr/bin/make
# makefile (from `Makefile', line 6)
CFLAGS = -g
# makefile (from `Makefile', line 1)
MAKEFILE_LIST :=  Makefile
# environment
VSCODE_VERBOSE_LOGGING = true
# environment
__CFBundleIdentifier = com.microsoft.VSCode
# environment
VSCODE_IPC_HOOK_EXTHOST = /var/folders/d5/9603phsn1c382lktjn9kfd780000gn/T/vscode-ipc-5eac0fc1-b02e-4bbd-bc54-6090dfff4960.sock
# environment
VSCODE_CWD = /
# environment
PATH = /Users/ray/.rvm/gems/ruby-3.0.0/bin:/Users/ray/.rvm/gems/ruby-3.0.0@global/bin:/Users/ray/.rvm/rubies/ruby-3.0.0/bin:/usr/local/opt/binutils/bin:/usr/local/opt/binutils/bin:/usr/local/opt/binutils/bin:/usr/local/opt/binutils/bin:/usr/local/opt/binutils/bin:/usr/local/opt/binutils/bin:/opt/local/bin:/opt/local/sbin:/usr/local/bin:/usr/bin:/bin:/usr/sbin:/sbin:/usr/local/share/dotnet:~/.dotnet/tools:/Library/Apple/usr/bin:/Users/ray/.rvm/bin
# environment
VSCODE_LOG_STACK = false
# environment
ELECTRON_RUN_AS_NODE = 1
# default
.FEATURES := target-specific order-only second-expansion else-if archives jobserver check-symlink
# environment
SSH_AUTH_SOCK = /private/tmp/com.apple.launchd.zGkiE85cma/Listeners
# automatic
%F = $(notdir $%)
# environment
VSCODE_PIPE_LOGGING = true
# environment
rvm_bin_path = /Users/ray/.rvm/bin
# environment
PWD = /Users/ray/OS
# environment
GEM_HOME = /Users/ray/.rvm/gems/ruby-3.0.0
# environment
ORIGINAL_XDG_CURRENT_DESKTOP = undefined
# environment
VSCODE_AMD_ENTRYPOINT = vs/workbench/api/node/extensionHostProcess
# environment
HOME = /Users/ray
# default
MAKEFILEPATH = $(shell /usr/bin/xcode-select -print-path 2>/dev/null || echo /Developer)/Makefiles
# environment
VSCODE_CODE_CACHE_PATH = /Users/ray/Library/Application Support/Code/CachedData/30d9c6cd9483b2cc586687151bcbcd635f373630
# environment
LOGNAME = ray
# environment
APPLICATION_INSIGHTS_NO_DIAGNOSTIC_CHANNEL = 1
# makefile (from `Makefile', line 2)
HEADERS = $(wildcard kernel/*.h drivers/*.h)
# environment
VSCODE_HANDLES_UNCAUGHT_ERRORS = true
# automatic
^D = $(patsubst %/,%,$(dir $^))
# makefile (from `Makefile', line 1)
C_SOURCES = $(wildcard kernel/*.c drivers/*.c)
# environment
GEM_PATH = /Users/ray/.rvm/gems/ruby-3.0.0:/Users/ray/.rvm/gems/ruby-3.0.0@global
# environment
XPC_FLAGS = 0x0
# default
MAKE = $(MAKE_COMMAND)
# default
MAKECMDGOALS := all
# environment
IRBRC = /Users/ray/.rvm/rubies/ruby-3.0.0/.irbrc
# environment
SHLVL = 1
# default
MAKE_VERSION := 3.81
# environment
USER = ray
# makefile
.DEFAULT_GOAL := all
# environment
rvm_version = 1.29.12 (latest)
# automatic
%D = $(patsubst %/,%,$(dir $%))
# default
MAKE_COMMAND := /Library/Developer/CommandLineTools/usr/bin/make
# default
.VARIABLES := 
# environment
TMPDIR = /var/folders/d5/9603phsn1c382lktjn9kfd780000gn/T/
# automatic
*F = $(notdir $*)
# environment
VSCODE_IPC_HOOK = /Users/ray/Library/Application Support/Code/1.68.1-main.sock
# makefile
MAKEFLAGS = Rrqp
# environment
MFLAGS = -Rrqp
# automatic
*D = $(patsubst %/,%,$(dir $*))
# environment
XPC_SERVICE_NAME = application.com.microsoft.VSCode.8677607421.8677607427
# automatic
+D = $(patsubst %/,%,$(dir $+))
# automatic
+F = $(notdir $+)
# environment
__CF_USER_TEXT_ENCODING = 0x1F5:0x0:0x0
# environment
COMMAND_MODE = unix2003
# default
MAKEFILES := 
# automatic
<F = $(notdir $<)
# environment
LC_ALL = C
# automatic
^F = $(notdir $^)
# environment
rvm_prefix = /Users/ray
# default
SUFFIXES := 
# default
.INCLUDE_DIRS = /usr/local/include
# environment
MAKELEVEL := 0
# environment
LANG = C
# environment
VSCODE_PID = 40675
# environment
MY_RUBY_HOME = /Users/ray/.rvm/rubies/ruby-3.0.0
# variable set hash-table stats:
# Load=75/1024=7%, Rehash=0, Collisions=8/106=8%

# Pattern-specific Variable Values

# No pattern-specific variable values.

# Directories

# kernel (device 16777221, inode 8678299889): 6 files, no impossibilities.
# drivers (device 16777221, inode 8678316684): 4 files, no impossibilities.
# . (device 16777221, inode 8677395782): 11 files, no impossibilities.
# boot (device 16777221, inode 8678299880): 6 files, no impossibilities so far.

# 27 files, no impossibilities in 4 directories.

# Implicit Rules

%.o: %.c kernel/functions.h kernel/kernel.h drivers/ports.h
#  commands to execute (from `Makefile', line 36):
	x86_64-elf-gcc ${CFLAGS} -ffreestanding -c $< -o $@
	

%.bin: %.asm
#  commands to execute (from `Makefile', line 42):
	nasm $< -f bin -o $@
	

# 2 implicit rules, 0 (0.0%) terminal.

# Files

# Not a target:
boot/kernel_entry.asm:
#  Implicit rule search has not been done.
#  Modification time never checked.
#  File has not been updated.

all: run
#  Command-line target.
#  Implicit rule search has not been done.
#  File does not exist.
#  File has been updated.
#  Needs to be updated (-q is set).
# variable set hash-table stats:
# Load=0/32=0%, Rehash=0, Collisions=0/2=0%
#  commands to execute (from `Makefile', line 9):
	-rm -rf *.bin *.dis *.o *.elf
	-rm -rf kernel/*.o boot/*.bin drivers/*.o boot/*.o
	

boot/kernel_entry.o: boot/kernel_entry.asm
#  Implicit rule search has not been done.
#  Modification time never checked.
#  File has not been updated.
#  commands to execute (from `Makefile', line 39):
	nasm boot/kernel_entry.asm -f elf64 -o boot/kernel_entry.o
	

# Not a target:
drivers/ports.o:
#  Implicit rule search has not been done.
#  Modification time never checked.
#  File has not been updated.

os-image.bin: boot/bootsect.bin kernel.bin
#  Implicit rule search has not been done.
#  File does not exist.
#  File has been updated.
#  Needs to be updated (-q is set).
# variable set hash-table stats:
# Load=0/32=0%, Rehash=0, Collisions=0/2=0%
#  commands to execute (from `Makefile', line 14):
	cat $^ > output/os-image.bin
	

# Not a target:
.SUFFIXES:
#  Implicit rule search has not been done.
#  Modification time never checked.
#  File has not been updated.

# Not a target:
Makefile:
#  Implicit rule search has been done.
#  Last modified 2022-06-25 15:27:29
#  File has been updated.
#  Successfully updated.
# variable set hash-table stats:
# Load=0/32=0%, Rehash=0, Collisions=0/0=0%

debug: os-image.bin kernel.elf
#  Implicit rule search has not been done.
#  Modification time never checked.
#  File has not been updated.
#  commands to execute (from `Makefile', line 30):
	qemu-system-x86_64 -s -S -fda output/os-image.bin &
	x86_64-elf-gdb -ex "target remote localhost:1234" -ex "symbol-file kernel.elf"
	

# Not a target:
boot/bootsect.asm:
#  Implicit rule search has been done.
#  Last modified 2022-06-22 18:51:37
#  File has been updated.
#  Successfully updated.
# variable set hash-table stats:
# Load=0/32=0%, Rehash=0, Collisions=0/0=0%

# Not a target:
kernel/kernel.o:
#  Implicit rule search has not been done.
#  Modification time never checked.
#  File has not been updated.

kernel.bin: boot/kernel_entry.o kernel/functions.o kernel/kernel.o drivers/ports.o
#  Implicit rule search has not been done.
#  Modification time never checked.
#  File has not been updated.
#  commands to execute (from `Makefile', line 19):
	x86_64-elf-ld -o $@ -Ttext 0x1000 $^ --oformat binary
	

# Not a target:
.DEFAULT:
#  Implicit rule search has not been done.
#  Modification time never checked.
#  File has not been updated.

run: os-image.bin
#  Implicit rule search has not been done.
 
#  File does not exist.
#  File has been updated.
#  Needs to be updated (-q is set).
# variable set hash-table stats:
# Load=0/32=0%, Rehash=0, Collisions=0/2=0%
#  commands to execute (from `Makefile', line 26):
	qemu-system-x86_64 -fda output/os-image.bin
	

# Not a target:
kernel/functions.o:
#  Implicit rule search has not been done.
#  Modification time never checked.
#  File has not been updated.

clean:
#  Implicit rule search has not been done.
#  Modification time never checked.
#  File has not been updated.
#  commands to execute (from `Makefile', line 45):
	-rm -rf *.bin *.dis *.o os-image.bin *.elf
	-rm -rf kernel/*.o boot/*.bin drivers/*.o boot/*.o
	

boot/bootsect.bin: boot/bootsect.asm
#  Implicit rule search has been done.
#  Implicit/static pattern stem: `boot/bootsect'
#  File does not exist.
#  File has been updated.
#  Needs to be updated (-q is set).
# automatic
# @ := boot/bootsect.bin
# automatic
# % := 
# automatic
# * := boot/bootsect
# automatic
# + := boot/bootsect.asm
# automatic
# | := 
# automatic
# < := boot/bootsect.asm
# automatic
# ^ := boot/bootsect.asm
# automatic
# ? := boot/bootsect.asm
# variable set hash-table stats:
# Load=8/32=25%, Rehash=0, Collisions=1/12=8%
#  commands to execute (from `Makefile', line 42):
	nasm $< -f bin -o $@
	

kernel.elf: boot/kernel_entry.o kernel/functions.o kernel/kernel.o drivers/ports.o
#  Implicit rule search has not been done.
#  Modification time never checked.
#  File has not been updated.
#  commands to execute (from `Makefile', line 23):
	x86_64-elf-ld -o $@ -Ttext 0x1000 $^ 
	

# files hash-table stats:
# Load=17/1024=2%, Rehash=0, Collisions=2/48=4%
# VPATH Search Paths

# No `vpath' search paths.

# No general (`VPATH' variable) search path.

# # of strings in strcache: 1
# # of strcache buffers: 1
# strcache size: total = 4096 / max = 4096 / min = 4096 / avg = 4096
# strcache free: total = 4087 / max = 4087 / min = 4087 / avg = 4087

# Finished Make data base on Sun Jun 26 17:12:18 2022

 
